<?xml version="1.0" encoding="UTF-8"?>
<!-- Generated by org.testng.reporters.JUnitXMLReporter -->
<testsuite ignored="1" hostname="S3XLAP42" failures="0" tests="4" name="OrangeHRMlogin1" time="37.727" errors="0" timestamp="2024-09-12T17:25:36 IST">
  <testcase classname="demoTestNG.OHRMTestNG1" name="LunchApp" time="8.241"/>
  <testcase classname="demoTestNG.OHRMTestNG1" name="LoginHRM" time="4.289"/>
  <testcase classname="demoTestNG.OHRMTestNG1" name="PIMclick" time="10.39"/>
  <testcase classname="demoTestNG.OHRMTestNG1" name="AddEmployee" time="5.484"/>
  <testcase classname="demoTestNG.OHRMTestNG1" name="Logout" time="0.0">
    <ignored/>
  </testcase> <!-- Logout -->
</testsuite> <!-- OrangeHRMlogin1 -->
