<?xml version="1.0" encoding="UTF-8"?>
<!-- Generated by org.testng.reporters.JUnitXMLReporter -->
<testsuite ignored="1" hostname="S3XLAP42" failures="0" tests="4" name="OrangeHRMlogin" time="33.423" errors="0" timestamp="2024-09-12T17:24:58 IST">
  <testcase classname="demoTestNG.OHRMTestNG1" name="LunchApp" time="7.425"/>
  <testcase classname="demoTestNG.OHRMTestNG1" name="LoginHRM" time="3.198"/>
  <testcase classname="demoTestNG.OHRMTestNG1" name="PIMclick" time="10.817"/>
  <testcase classname="demoTestNG.OHRMTestNG1" name="Logout" time="3.848"/>
  <testcase classname="demoTestNG.OHRMTestNG1" name="AddEmployee" time="0.0">
    <ignored/>
  </testcase> <!-- AddEmployee -->
</testsuite> <!-- OrangeHRMlogin -->
