<?xml version="1.0" encoding="UTF-8"?>
<!-- Generated by org.testng.reporters.JUnitXMLReporter -->
<testsuite ignored="4" hostname="S3XLAP42" failures="0" tests="1" name="suitelevel" time="0.005" errors="0" timestamp="2024-10-04T11:47:38 IST">
  <testcase classname="grouptext.Group2" name="test5" time="0.001"/>
  <testcase classname="grouptext.Group2" name="test7" time="0.0">
    <ignored/>
  </testcase> <!-- test7 -->
  <testcase classname="grouptext.Group2" name="test6" time="0.0">
    <ignored/>
  </testcase> <!-- test6 -->
  <testcase classname="grouptext.Group2" name="test71" time="0.0">
    <ignored/>
  </testcase> <!-- test71 -->
  <testcase classname="grouptext.Group2" name="test8" time="0.0">
    <ignored/>
  </testcase> <!-- test8 -->
</testsuite> <!-- suitelevel -->
