<?xml version="1.0" encoding="UTF-8"?>
<!-- Generated by org.testng.reporters.JUnitXMLReporter -->
<testsuite ignored="5" hostname="S3XLAP42" failures="0" tests="0" time="0.014" errors="0" timestamp="2024-10-04T12:43:09 IST">
  <testcase classname="grouptext.Group1" name="test3" time="0.0">
    <ignored/>
  </testcase> <!-- test3 -->
  <testcase classname="grouptext.Group1" name="test4" time="0.0">
    <ignored/>
  </testcase> <!-- test4 -->
  <testcase classname="grouptext.Group1" name="test9" time="0.0">
    <ignored/>
  </testcase> <!-- test9 -->
  <testcase classname="grouptext.Group1" name="test2" time="0.0">
    <ignored/>
  </testcase> <!-- test2 -->
  <testcase classname="grouptext.Group1" name="test1" time="0.0">
    <ignored/>
  </testcase> <!-- test1 -->
</testsuite>
