<?xml version="1.0" encoding="UTF-8"?>
<!-- Generated by org.testng.reporters.JUnitXMLReporter -->
<testsuite ignored="2" hostname="S3XLAP42" failures="0" tests="3" name="test13" time="0.045" errors="0" timestamp="2024-10-04T12:43:09 IST">
  <testcase classname="grouptext.Group2" name="test5" time="0.011"/>
  <testcase classname="grouptext.Group2" name="test7" time="0.001"/>
  <testcase classname="grouptext.Group2" name="test71" time="0.002"/>
  <testcase classname="grouptext.Group2" name="test8" time="0.0">
    <ignored/>
  </testcase> <!-- test8 -->
  <testcase classname="grouptext.Group2" name="test6" time="0.0">
    <ignored/>
  </testcase> <!-- test6 -->
</testsuite> <!-- test13 -->
